<?xml version="1.0" encoding="UTF-8"?>
<testng-results ignored="0" total="6" passed="5" failed="1" skipped="0">
  <reporter-output>
  </reporter-output>
  <suite started-at="2024-03-29T15:24:52 IST" name="Default suite" finished-at="2024-03-29T15:26:28 IST" duration-ms="96343">
    <groups>
    </groups>
    <test started-at="2024-03-29T15:24:52 IST" name="Default test" finished-at="2024-03-29T15:26:28 IST" duration-ms="96343">
      <class name="Flexiloans.PositiveFlow">
        <test-method is-config="true" signature="setup()[pri:0, instance:Flexiloans.PositiveFlow@450794b4]" started-at="2024-03-29T15:24:52 IST" name="setup" finished-at="2024-03-29T15:25:12 IST" duration-ms="19653" status="PASS">
          <reporter-output>
          </reporter-output>
        </test-method> <!-- setup -->
        <test-method is-config="true" signature="checkingToken(java.lang.reflect.Method)[pri:0, instance:Flexiloans.PositiveFlow@450794b4]" started-at="2024-03-29T15:25:12 IST" name="checkingToken" finished-at="2024-03-29T15:25:12 IST" duration-ms="2" status="PASS">
          <params>
            <param index="0">
              <value>
                <![CDATA[public void Flexiloans.PositiveFlow.landingPage()]]>
              </value>
            </param>
          </params>
          <reporter-output>
          </reporter-output>
        </test-method> <!-- checkingToken -->
        <test-method signature="landingPage()[pri:0, instance:Flexiloans.PositiveFlow@450794b4]" started-at="2024-03-29T15:25:12 IST" name="landingPage" finished-at="2024-03-29T15:25:19 IST" duration-ms="7556" status="PASS">
          <reporter-output>
          </reporter-output>
        </test-method> <!-- landingPage -->
        <test-method is-config="true" signature="checkingToken(java.lang.reflect.Method)[pri:0, instance:Flexiloans.PositiveFlow@450794b4]" started-at="2024-03-29T15:25:20 IST" name="checkingToken" finished-at="2024-03-29T15:25:20 IST" duration-ms="1" status="PASS">
          <params>
            <param index="0">
              <value>
                <![CDATA[public void Flexiloans.PositiveFlow.form2()]]>
              </value>
            </param>
          </params>
          <reporter-output>
          </reporter-output>
        </test-method> <!-- checkingToken -->
        <test-method signature="form2()[pri:1, instance:Flexiloans.PositiveFlow@450794b4]" started-at="2024-03-29T15:25:20 IST" name="form2" finished-at="2024-03-29T15:25:36 IST" duration-ms="16592" status="PASS">
          <reporter-output>
          </reporter-output>
        </test-method> <!-- form2 -->
        <test-method is-config="true" signature="checkingToken(java.lang.reflect.Method)[pri:0, instance:Flexiloans.PositiveFlow@450794b4]" started-at="2024-03-29T15:25:36 IST" name="checkingToken" finished-at="2024-03-29T15:25:36 IST" duration-ms="1" status="PASS">
          <params>
            <param index="0">
              <value>
                <![CDATA[public void Flexiloans.PositiveFlow.Dashboard() throws java.lang.InterruptedException]]>
              </value>
            </param>
          </params>
          <reporter-output>
          </reporter-output>
        </test-method> <!-- checkingToken -->
        <test-method signature="Dashboard()[pri:2, instance:Flexiloans.PositiveFlow@450794b4]" started-at="2024-03-29T15:25:36 IST" name="Dashboard" finished-at="2024-03-29T15:25:51 IST" duration-ms="15101" status="PASS">
          <reporter-output>
          </reporter-output>
        </test-method> <!-- Dashboard -->
        <test-method is-config="true" signature="checkingToken(java.lang.reflect.Method)[pri:0, instance:Flexiloans.PositiveFlow@450794b4]" started-at="2024-03-29T15:25:51 IST" name="checkingToken" finished-at="2024-03-29T15:25:51 IST" duration-ms="0" status="PASS">
          <params>
            <param index="0">
              <value>
                <![CDATA[public void Flexiloans.PositiveFlow.LoanAmountScreen()]]>
              </value>
            </param>
          </params>
          <reporter-output>
          </reporter-output>
        </test-method> <!-- checkingToken -->
        <test-method signature="LoanAmountScreen()[pri:3, instance:Flexiloans.PositiveFlow@450794b4]" started-at="2024-03-29T15:25:51 IST" name="LoanAmountScreen" finished-at="2024-03-29T15:25:57 IST" duration-ms="5142" status="PASS">
          <reporter-output>
          </reporter-output>
        </test-method> <!-- LoanAmountScreen -->
        <test-method is-config="true" signature="checkingToken(java.lang.reflect.Method)[pri:0, instance:Flexiloans.PositiveFlow@450794b4]" started-at="2024-03-29T15:25:57 IST" name="checkingToken" finished-at="2024-03-29T15:25:57 IST" duration-ms="1" status="PASS">
          <params>
            <param index="0">
              <value>
                <![CDATA[public void Flexiloans.PositiveFlow.FormStep_1() throws java.lang.InterruptedException]]>
              </value>
            </param>
          </params>
          <reporter-output>
          </reporter-output>
        </test-method> <!-- checkingToken -->
        <test-method signature="FormStep_1()[pri:4, instance:Flexiloans.PositiveFlow@450794b4]" started-at="2024-03-29T15:25:57 IST" name="FormStep_1" finished-at="2024-03-29T15:26:17 IST" duration-ms="20236" status="PASS">
          <reporter-output>
          </reporter-output>
        </test-method> <!-- FormStep_1 -->
        <test-method signature="FormStep_2()[pri:5, instance:Flexiloans.PositiveFlow@450794b4]" started-at="2024-03-29T15:26:17 IST" name="FormStep_2" finished-at="2024-03-29T15:26:28 IST" duration-ms="10710" status="FAIL">
          <exception class="org.openqa.selenium.NoSuchElementException">
            <message>
              <![CDATA[Can't locate an element by this strategy: By.chained({AppiumBy.id: com.flexiloan:id/businessPinCode})]]>
            </message>
            <full-stacktrace>
              <![CDATA[org.openqa.selenium.NoSuchElementException: Can't locate an element by this strategy: By.chained({AppiumBy.id: com.flexiloan:id/businessPinCode})
at io.appium.java_client.pagefactory.AppiumElementLocator.findElement(AppiumElementLocator.java:166)
at io.appium.java_client.pagefactory.interceptors.InterceptorOfASingleElement.call(InterceptorOfASingleElement.java:64)
at io.appium.java_client.proxy.Interceptor.intercept(Interceptor.java:78)
at org.openqa.selenium.remote.RemoteWebElement$ByteBuddy$RRP3N9uP.sendKeys(Unknown Source)
at PageObject.AppFormStep_2.EnterBusinessPincode(AppFormStep_2.java:77)
at Flexiloans.PositiveFlow.FormStep_2(PositiveFlow.java:194)
at java.base/jdk.internal.reflect.NativeMethodAccessorImpl.invoke0(Native Method)
at java.base/jdk.internal.reflect.NativeMethodAccessorImpl.invoke(NativeMethodAccessorImpl.java:77)
at java.base/jdk.internal.reflect.DelegatingMethodAccessorImpl.invoke(DelegatingMethodAccessorImpl.java:43)
at java.base/java.lang.reflect.Method.invoke(Method.java:568)
at org.testng.internal.MethodInvocationHelper.invokeMethod(MethodInvocationHelper.java:133)
at org.testng.internal.TestInvoker.invokeMethod(TestInvoker.java:598)
at org.testng.internal.TestInvoker.invokeTestMethod(TestInvoker.java:173)
at org.testng.internal.MethodRunner.runInSequence(MethodRunner.java:46)
at org.testng.internal.TestInvoker$MethodInvocationAgent.invoke(TestInvoker.java:824)
at org.testng.internal.TestInvoker.invokeTestMethods(TestInvoker.java:146)
at org.testng.internal.TestMethodWorker.invokeTestMethods(TestMethodWorker.java:146)
at org.testng.internal.TestMethodWorker.run(TestMethodWorker.java:128)
at java.base/java.util.ArrayList.forEach(ArrayList.java:1511)
at org.testng.TestRunner.privateRun(TestRunner.java:794)
at org.testng.TestRunner.run(TestRunner.java:596)
at org.testng.SuiteRunner.runTest(SuiteRunner.java:377)
at org.testng.SuiteRunner.runSequentially(SuiteRunner.java:371)
at org.testng.SuiteRunner.privateRun(SuiteRunner.java:332)
at org.testng.SuiteRunner.run(SuiteRunner.java:276)
at org.testng.SuiteRunnerWorker.runSuite(SuiteRunnerWorker.java:53)
at org.testng.SuiteRunnerWorker.run(SuiteRunnerWorker.java:96)
at org.testng.TestNG.runSuitesSequentially(TestNG.java:1212)
at org.testng.TestNG.runSuitesLocally(TestNG.java:1134)
at org.testng.TestNG.runSuites(TestNG.java:1063)
at org.testng.TestNG.run(TestNG.java:1031)
at org.testng.remote.AbstractRemoteTestNG.run(AbstractRemoteTestNG.java:115)
at org.testng.remote.RemoteTestNG.initAndRun(RemoteTestNG.java:251)
at org.testng.remote.RemoteTestNG.main(RemoteTestNG.java:77)
Caused by: org.openqa.selenium.TimeoutException: Expected condition failed: waiting for io.appium.java_client.pagefactory.AppiumElementLocator$WaitingFunction@12051d38 (tried for 1 second(s) with 500 milliseconds interval)
at org.openqa.selenium.support.ui.FluentWait.timeoutException(FluentWait.java:262)
at org.openqa.selenium.support.ui.FluentWait.until(FluentWait.java:230)
at io.appium.java_client.pagefactory.AppiumElementLocator.waitFor(AppiumElementLocator.java:135)
at io.appium.java_client.pagefactory.AppiumElementLocator.findElement(AppiumElementLocator.java:160)
... 33 more
Caused by: org.openqa.selenium.NoSuchElementException: Cannot locate an element using By.chained({AppiumBy.id: com.flexiloan:id/businessPinCode})
For documentation on this error, please visit: https://www.selenium.dev/documentation/webdriver/troubleshooting/errors#no-such-element-exception
Build info: version: '4.13.0', revision: 'ba948ece5b*'
System info: os.name: 'Mac OS X', os.arch: 'x86_64', os.version: '14.3.1', java.version: '17.0.4.1'
Driver info: driver.version: RemoteWebDriver
at io.appium.java_client.pagefactory.bys.builder.ByChained.findElement(ByChained.java:77)
at org.openqa.selenium.remote.ElementLocation$ElementFinder$1.findElement(ElementLocation.java:139)
at org.openqa.selenium.remote.ElementLocation.findElement(ElementLocation.java:59)
at org.openqa.selenium.remote.RemoteWebDriver.findElement(RemoteWebDriver.java:359)
at org.openqa.selenium.remote.RemoteWebDriver.findElement(RemoteWebDriver.java:353)
at io.appium.java_client.pagefactory.bys.ContentMappedBy.findElement(ContentMappedBy.java:53)
at org.openqa.selenium.remote.ElementLocation$ElementFinder$1.findElement(ElementLocation.java:139)
at org.openqa.selenium.remote.ElementLocation.findElement(ElementLocation.java:59)
at org.openqa.selenium.remote.RemoteWebDriver.findElement(RemoteWebDriver.java:359)
at org.openqa.selenium.remote.RemoteWebDriver.findElement(RemoteWebDriver.java:353)
at io.appium.java_client.pagefactory.AppiumElementLocator.lambda$findElement$1(AppiumElementLocator.java:160)
at io.appium.java_client.pagefactory.AppiumElementLocator$WaitingFunction.apply(AppiumElementLocator.java:217)
at io.appium.java_client.pagefactory.AppiumElementLocator$WaitingFunction.apply(AppiumElementLocator.java:210)
at org.openqa.selenium.support.ui.FluentWait.until(FluentWait.java:205)
... 35 more
]]>
            </full-stacktrace>
          </exception> <!-- org.openqa.selenium.NoSuchElementException -->
          <reporter-output>
          </reporter-output>
        </test-method> <!-- FormStep_2 -->
        <test-method is-config="true" signature="checkingToken(java.lang.reflect.Method)[pri:0, instance:Flexiloans.PositiveFlow@450794b4]" started-at="2024-03-29T15:26:17 IST" name="checkingToken" finished-at="2024-03-29T15:26:17 IST" duration-ms="0" status="PASS">
          <params>
            <param index="0">
              <value>
                <![CDATA[public void Flexiloans.PositiveFlow.FormStep_2()]]>
              </value>
            </param>
          </params>
          <reporter-output>
          </reporter-output>
        </test-method> <!-- checkingToken -->
      </class> <!-- Flexiloans.PositiveFlow -->
    </test> <!-- Default test -->
  </suite> <!-- Default suite -->
</testng-results>
